[2022-11-23 21:20:13.507][LTWEB][000008][MYSQL][]
SHOW VARIABLES LIKE 'lower_case_%'; SHOW VARIABLES LIKE 'sql_mode'; SELECT COUNT(*) AS support_ndb FROM information_schema.ENGINES WHERE Engine = 'ndbcluster'

[2022-11-23 21:20:13.526][LTWEB][000008][MYSQL][]
Lost connection to server during query

[2022-11-23 21:20:13.527][LTWEB][000008][MYSQL][]
SHOW VARIABLES LIKE 'lower_case_%'

[2022-11-23 21:20:17.586][LTWEB][000000][MYSQL][]


[2022-11-23 21:20:35.715][LTWEB][000008][MYSQL][]
SHOW VARIABLES LIKE 'lower_case_%'; SHOW VARIABLES LIKE 'sql_mode'; SELECT COUNT(*) AS support_ndb FROM information_schema.ENGINES WHERE Engine = 'ndbcluster'

[2022-11-23 21:20:35.757][LTWEB][000008][MYSQL][]
SELECT SCHEMA_NAME, DEFAULT_CHARACTER_SET_NAME, DEFAULT_COLLATION_NAME FROM information_schema.SCHEMATA

[2022-11-23 21:20:39.259][LTWEB][000008][MYSQL][]
SELECT COUNT(*) FROM information_schema.TABLES WHERE TABLE_SCHEMA = 'projectltw' UNION SELECT COUNT(*) FROM information_schema.COLUMNS WHERE TABLE_SCHEMA = 'projectltw' UNION SELECT COUNT(*) FROM information_schema.ROUTINES WHERE ROUTINE_SCHEMA = 'projectltw'

[2022-11-23 21:20:39.28][LTWEB][000009][MYSQL][]
SHOW FULL TABLES WHERE Table_type != 'VIEW'

[2022-11-23 21:20:39.286][LTWEB][000009][MYSQL][]
SHOW TABLE STATUS

[2022-11-23 21:20:39.307][LTWEB][000008][MYSQL][]
SELECT TABLE_SCHEMA, TABLE_NAME, TABLE_TYPE FROM information_schema.TABLES WHERE TABLE_SCHEMA = 'projectltw' ORDER BY TABLE_SCHEMA, TABLE_TYPE

[2022-11-23 21:20:39.31][LTWEB][000008][MYSQL][]
SELECT TABLE_SCHEMA, TABLE_NAME, COLUMN_NAME, COLUMN_TYPE FROM information_schema.COLUMNS WHERE TABLE_SCHEMA = 'projectltw' ORDER BY TABLE_SCHEMA, TABLE_NAME

[2022-11-23 21:20:39.323][LTWEB][000008][MYSQL][]
SELECT DISTINCT ROUTINE_SCHEMA, ROUTINE_NAME, PARAMS.PARAMETER FROM information_schema.ROUTINES LEFT JOIN ( SELECT SPECIFIC_SCHEMA, SPECIFIC_NAME, GROUP_CONCAT(CONCAT(DATA_TYPE, ' ', PARAMETER_NAME) ORDER BY ORDINAL_POSITION SEPARATOR ', ') PARAMETER, ROUTINE_TYPE FROM information_schema.PARAMETERS GROUP BY SPECIFIC_SCHEMA, SPECIFIC_NAME, ROUTINE_TYPE ) PARAMS ON ROUTINES.ROUTINE_SCHEMA = PARAMS.SPECIFIC_SCHEMA AND ROUTINES.ROUTINE_NAME = PARAMS.SPECIFIC_NAME AND ROUTINES.ROUTINE_TYPE = PARAMS.ROUTINE_TYPE WHERE ROUTINE_SCHEMA = 'projectltw' ORDER BY ROUTINE_SCHEMA

[2022-11-23 21:20:39.73][LTWEB][000008][MYSQL][]
SHOW TABLE STATUS

[2022-11-23 21:20:39.736][LTWEB][000008][MYSQL][]
SHOW CREATE TABLE `ct_pr` 

[2022-11-23 21:20:39.739][LTWEB][000008][MYSQL][]
SHOW CREATE TABLE `discount_code` 

[2022-11-23 21:20:39.741][LTWEB][000008][MYSQL][]
SHOW CREATE TABLE `feed_back` 

[2022-11-23 21:20:39.743][LTWEB][000008][MYSQL][]
SHOW CREATE TABLE `image` 

[2022-11-23 21:20:39.744][LTWEB][000008][MYSQL][]
SHOW CREATE TABLE `like` 

[2022-11-23 21:20:39.744][LTWEB][000008][MYSQL][]
SHOW CREATE TABLE `menu` 

[2022-11-23 21:20:39.745][LTWEB][000008][MYSQL][]
SHOW CREATE TABLE `orders` 

[2022-11-23 21:20:39.746][LTWEB][000008][MYSQL][]
SHOW CREATE TABLE `product` 

[2022-11-23 21:20:39.747][LTWEB][000008][MYSQL][]
SHOW CREATE TABLE `sold_pr` 

[2022-11-23 21:20:39.748][LTWEB][000008][MYSQL][]
SHOW CREATE TABLE `user` 

[2022-11-23 21:20:39.797][LTWEB][000008][MYSQL][]
SHOW FULL COLUMNS FROM `ct_pr`

[2022-11-23 21:20:39.812][LTWEB][000008][MYSQL][]
SHOW FULL COLUMNS FROM `discount_code`

[2022-11-23 21:20:39.823][LTWEB][000008][MYSQL][]
SHOW FULL COLUMNS FROM `feed_back`

[2022-11-23 21:20:39.834][LTWEB][000008][MYSQL][]
SHOW FULL COLUMNS FROM `image`

[2022-11-23 21:20:39.842][LTWEB][000008][MYSQL][]
SHOW FULL COLUMNS FROM `like`

[2022-11-23 21:20:39.849][LTWEB][000008][MYSQL][]
SHOW FULL COLUMNS FROM `menu`

[2022-11-23 21:20:39.857][LTWEB][000008][MYSQL][]
SHOW FULL COLUMNS FROM `orders`

[2022-11-23 21:20:39.864][LTWEB][000008][MYSQL][]
SHOW FULL COLUMNS FROM `product`

[2022-11-23 21:20:39.872][LTWEB][000008][MYSQL][]
SHOW FULL COLUMNS FROM `sold_pr`

[2022-11-23 21:20:39.879][LTWEB][000008][MYSQL][]
SHOW FULL COLUMNS FROM `user`

[2022-11-23 21:20:39.91][LTWEB][000008][MYSQL][]
SHOW INDEX FROM `ct_pr`

[2022-11-23 21:20:39.955][LTWEB][000008][MYSQL][]
SHOW INDEX FROM `discount_code`

[2022-11-23 21:20:39.957][LTWEB][000008][MYSQL][]
SHOW INDEX FROM `feed_back`

[2022-11-23 21:20:39.958][LTWEB][000008][MYSQL][]
SHOW INDEX FROM `image`

[2022-11-23 21:20:39.959][LTWEB][000008][MYSQL][]
SHOW INDEX FROM `like`

[2022-11-23 21:20:39.961][LTWEB][000008][MYSQL][]
SHOW INDEX FROM `menu`

[2022-11-23 21:20:39.962][LTWEB][000008][MYSQL][]
SHOW INDEX FROM `orders`

[2022-11-23 21:20:39.963][LTWEB][000008][MYSQL][]
SHOW INDEX FROM `product`

[2022-11-23 21:20:39.964][LTWEB][000008][MYSQL][]
SHOW INDEX FROM `sold_pr`

[2022-11-23 21:20:39.965][LTWEB][000008][MYSQL][]
SHOW INDEX FROM `user`

[2022-11-23 21:20:39.978][LTWEB][000008][MYSQL][]
SELECT ACTION_ORDER, EVENT_OBJECT_TABLE, TRIGGER_NAME, EVENT_MANIPULATION, EVENT_OBJECT_TABLE, DEFINER, ACTION_STATEMENT, ACTION_TIMING FROM information_schema.triggers WHERE event_object_schema = BINARY 'projectltw' ORDER BY event_object_table

[2022-11-23 21:25:14.089][LTWEB][000008][MYSQL][]
SHOW FULL TABLES WHERE Table_type != 'VIEW'

[2022-11-23 21:25:14.095][LTWEB][000008][MYSQL][]
SHOW TABLE STATUS

